<?xml version="1.0" encoding="UTF-8"?>
<!-- Generated by org.testng.reporters.JUnitReportReporter -->
<testsuite hostname="Abhijith" failures="0" tests="1" name="unitTest.Amazon" time="8.274" errors="0" timestamp="2023-11-16T12:57:26 IST" skipped="0">
  <testcase classname="unitTest.Amazon" name="launchAmazon" time="8.274">
    <system-out>
      <![CDATA[amazon launched...]]>
    </system-out>
  </testcase> <!-- launchAmazon -->
  <system-out>
    <![CDATA[apple launched...
amazon launched...]]>
  </system-out>
</testsuite> <!-- unitTest.Amazon -->
