<?xml version="1.0" encoding="UTF-8"?>
<!-- Generated by org.testng.reporters.JUnitReportReporter -->
<testsuite hostname="Abhijith" failures="0" tests="2" name="unitTest.TC_DWS_001" time="0.011" errors="0" timestamp="2023-11-16T11:40:51 IST" skipped="0">
  <testcase classname="unitTest.TC_DWS_001" name="demo" time="0.009">
    <system-out>
      <![CDATA[demo executing....]]>
    </system-out>
  </testcase> <!-- demo -->
  <testcase classname="unitTest.TC_DWS_001" name="test" time="0.002">
    <system-out>
      <![CDATA[test executing....]]>
    </system-out>
  </testcase> <!-- test -->
  <system-out>
    <![CDATA[demo executing....
test executing....]]>
  </system-out>
</testsuite> <!-- unitTest.TC_DWS_001 -->
