<?xml version="1.0" encoding="UTF-8"?>
<!-- Generated by org.testng.reporters.JUnitReportReporter -->
<testsuite hostname="Abhijith" failures="0" tests="2" name="dataprovider.ToLearnDataProvider" time="8.119" errors="0" timestamp="2023-11-18T11:39:24 IST" skipped="0">
  <testcase classname="dataprovider.ToLearnDataProvider" name="login" time="3.694"/>
  <testcase classname="dataprovider.ToLearnDataProvider" name="login" time="4.425"/>
</testsuite> <!-- dataprovider.ToLearnDataProvider -->
