<?xml version="1.0" encoding="UTF-8"?>
<!-- Generated by org.testng.reporters.JUnitReportReporter -->
<testsuite hostname="Abhijith" failures="0" tests="1" name="unitTest.ConfigurationAnnotations" time="0.011" errors="0" timestamp="2023-11-18T10:32:58 IST" skipped="0">
  <testcase classname="unitTest.ConfigurationAnnotations" name="demo" time="0.011">
    <system-out>
      <![CDATA[demo executed..]]>
    </system-out>
  </testcase> <!-- demo -->
  <system-out>
    <![CDATA[@BeforeSuite
@BeforeTest
@BeforeClass
@BeforeMethod
demo executed..
@AfterMethod
@AfterClass
@AfterTest
@AfterSuite]]>
  </system-out>
</testsuite> <!-- unitTest.ConfigurationAnnotations -->
