<?xml version="1.0" encoding="UTF-8"?>
<!-- Generated by org.testng.reporters.JUnitReportReporter -->
<testsuite hostname="Abhijith" failures="0" tests="1" name="crossbrowser.CrossBrowserTesting" time="4.996" errors="0" timestamp="2023-11-18T12:51:06 IST" skipped="0">
  <testcase classname="crossbrowser.CrossBrowserTesting" name="demo" time="4.996"/>
</testsuite> <!-- crossbrowser.CrossBrowserTesting -->
