<?xml version="1.0" encoding="UTF-8"?>
<!-- Generated by org.testng.reporters.JUnitReportReporter -->
<testsuite hostname="Abhijith" failures="0" tests="1" name="unitTest.Wipro" time="8.392" errors="0" timestamp="2023-11-16T12:52:15 IST" skipped="0">
  <testcase classname="unitTest.Wipro" name="launchWipro" time="8.392"/>
</testsuite> <!-- unitTest.Wipro -->
