<?xml version="1.0" encoding="UTF-8"?>
<!-- Generated by org.testng.reporters.JUnitReportReporter -->
<testsuite hostname="Abhijith" failures="0" tests="1" name="unitTest.Apple" time="4.750" errors="0" timestamp="2023-11-16T12:57:26 IST" skipped="0">
  <testcase classname="unitTest.Apple" name="launchApple" time="4.750">
    <system-out>
      <![CDATA[apple launched...]]>
    </system-out>
  </testcase> <!-- launchApple -->
  <system-out>
    <![CDATA[apple launched...
amazon launched...]]>
  </system-out>
</testsuite> <!-- unitTest.Apple -->
