<?xml version="1.0" encoding="UTF-8"?>
<!-- Generated by org.testng.reporters.JUnitReportReporter -->
<testsuite hostname="Abhijith" failures="0" tests="1" name="assertion.BasicVerification" time="6.893" errors="0" timestamp="2023-11-18T12:18:17 IST" skipped="0">
  <testcase classname="assertion.BasicVerification" name="login" time="6.893">
    <system-out>
      <![CDATA[user logged in successfully]]>
    </system-out>
  </testcase> <!-- login -->
  <system-out>
    <![CDATA[user logged in successfully]]>
  </system-out>
</testsuite> <!-- assertion.BasicVerification -->
