<?xml version="1.0" encoding="UTF-8"?>
<!-- Generated by org.testng.reporters.JUnitReportReporter -->
<testsuite hostname="Abhijith" failures="0" tests="3" name="unitTest.AnnotationAttributes" time="24.383" errors="0" timestamp="2023-11-16T12:02:15 IST" skipped="0">
  <testcase classname="unitTest.AnnotationAttributes" name="skillrary" time="7.105">
    <system-out>
      <![CDATA[launched skillrary]]>
    </system-out>
  </testcase> <!-- skillrary -->
  <testcase classname="unitTest.AnnotationAttributes" name="skillrary" time="8.203">
    <system-out>
      <![CDATA[launched skillrary]]>
    </system-out>
  </testcase> <!-- skillrary -->
  <testcase classname="unitTest.AnnotationAttributes" name="skillrary" time="9.075">
    <system-out>
      <![CDATA[launched skillrary]]>
    </system-out>
  </testcase> <!-- skillrary -->
  <system-out>
    <![CDATA[launched skillrary
launched skillrary
launched skillrary]]>
  </system-out>
</testsuite> <!-- unitTest.AnnotationAttributes -->
