<?xml version="1.0" encoding="UTF-8"?>
<!-- Generated by org.testng.reporters.JUnitReportReporter -->
<testsuite hostname="Abhijith" failures="0" tests="1" name="unitTest.TC_DWS_002" time="3.133" errors="0" timestamp="2023-11-18T12:54:52 IST" skipped="0">
  <testcase classname="unitTest.TC_DWS_002" name="addProduct" time="3.133">
    <system-out>
      <![CDATA[product added successfully]]>
    </system-out>
  </testcase> <!-- addProduct -->
  <system-out>
    <![CDATA[configure reports
Open browser and navigate to Url
Login to app
product added successfully
logout from app
close browser
flush reports]]>
  </system-out>
</testsuite> <!-- unitTest.TC_DWS_002 -->
